Sender: LSF System <lsfadmin@b6431705c7.cern.ch>
Subject: Job 577438547: <cd /afs/cern.ch/work/w/wvandrie/public/EXO/CMSSW_7_1_8/src/EXO/DPAnalysis_Step2;eval `scramv1 runtime -sh` ;./tmp/main list/Run2012B Run2012B> in cluster batch Done

Job <cd /afs/cern.ch/work/w/wvandrie/public/EXO/CMSSW_7_1_8/src/EXO/DPAnalysis_Step2;eval `scramv1 runtime -sh` ;./tmp/main list/Run2012B Run2012B> was submitted from host <lxplus0132.cern.ch> by user <wvandrie> in cluster <batch>.
Job was executed on host(s) <b6431705c7.cern.ch>, in queue <8nh>, as user <wvandrie> in cluster <batch>.
</afs/cern.ch/user/w/wvandrie> was used as the home directory.
</afs/cern.ch/work/w/wvandrie/public/EXO/CMSSW_7_1_8/src/EXO/DPAnalysis_Step2> was used as the working directory.
Started at Thu Oct 16 14:27:04 2014
Results reported at Thu Oct 16 15:30:17 2014

Your job looked like:

------------------------------------------------------------
# LSBATCH: User input
cd /afs/cern.ch/work/w/wvandrie/public/EXO/CMSSW_7_1_8/src/EXO/DPAnalysis_Step2;eval `scramv1 runtime -sh` 
./tmp/main list/Run2012B Run2012B;
------------------------------------------------------------

Successfully completed.

Resource usage summary:

    CPU time   :   3742.03 sec.
    Max Memory :       122 MB
    Max Swap   :       726 MB

    Max Processes  :         6
    Max Threads    :         7

The output (if any) follows:

@(#)CERN job starter $Date: 2010/06/23 14:22:16 $
Working directory is </pool/lsf/wvandrie/577438547> on <>

Reading list : list/Run2012B .......
Adding following files to the chain
	/afs/cern.ch/work/w/wvandrie/public/EXO/CMSSW_7_1_8/src/EXO/DPAnalysis/test/v21/Run2012B.root
Number of files: 1
Building DPSelection...
Processing event 10000
Processing event 20000
Processing event 30000
Processing event 40000
Processing event 50000
Processing event 60000
Processing event 70000
Processing event 80000
Processing event 90000
Processing event 100000
Processing event 110000
Processing event 120000
Processing event 130000
Processing event 140000
Processing event 150000
Processing event 160000
Processing event 170000
Processing event 180000
Processing event 190000
Processing event 200000
Processing event 210000
Processing event 220000
Processing event 230000
Processing event 240000
Processing event 250000
Processing event 260000
Processing event 270000
Processing event 280000
Processing event 290000
Processing event 300000
Processing event 310000
Processing event 320000
Processing event 330000
Processing event 340000
Processing event 350000
Processing event 360000
Processing event 370000
Processing event 380000
Processing event 390000
Processing event 400000
Processing event 410000
Processing event 420000
Processing event 430000
Processing event 440000
Processing event 450000
Processing event 460000
Processing event 470000
Processing event 480000
Processing event 490000
Processing event 500000
Processing event 510000
Processing event 520000
Processing event 530000
Processing event 540000
Processing event 550000
Processing event 560000
Processing event 570000
Processing event 580000
Processing event 590000
Processing event 600000
Processing event 610000
Processing event 620000
Processing event 630000
Processing event 640000
Processing event 650000
Processing event 660000
Processing event 670000
Processing event 680000
Processing event 690000
Processing event 700000

Job finished at Don Okt 16 15:30:12 CEST 2014 on node 
 under linux version Scientific Linux CERN SLC release 6.5 (Carbon)

CERN statistics: This process used approximately : 1:48:16 KSI2K hours (6496 KSI2K seconds)
                 This process corresponds to     : 7:02:15 HS06  hours (25335 HS06  seconds)


PS:

Read file </afs/cern.ch/work/w/wvandrie/public/EXO/CMSSW_7_1_8/src/EXO/DPAnalysis_Step2/ntuples/Run2012B/log/Run2012B_0.stderr> for stderr output of this job.

