Sender: LSF System <lsfadmin@b6e2e4bb52.cern.ch>
Subject: Job 609206511: <cd /afs/cern.ch/work/w/wvandrie/public/EXO/CMSSW_7_1_8/src/EXO/DPAnalysis_Step2;eval `scramv1 runtime -sh` ;./tmp/main list/GMSB_L160-CTAU1000 GMSB_L160-CTAU1000> in cluster batch Done

Job <cd /afs/cern.ch/work/w/wvandrie/public/EXO/CMSSW_7_1_8/src/EXO/DPAnalysis_Step2;eval `scramv1 runtime -sh` ;./tmp/main list/GMSB_L160-CTAU1000 GMSB_L160-CTAU1000> was submitted from host <lxplus0059.cern.ch> by user <wvandrie> in cluster <batch>.
Job was executed on host(s) <b6e2e4bb52.cern.ch>, in queue <8nh>, as user <wvandrie> in cluster <batch>.
</afs/cern.ch/user/w/wvandrie> was used as the home directory.
</afs/cern.ch/work/w/wvandrie/public/EXO/CMSSW_7_1_8/src/EXO/DPAnalysis_Step2> was used as the working directory.
Started at Thu Jan  8 11:46:35 2015
Results reported at Thu Jan  8 11:49:48 2015

Your job looked like:

------------------------------------------------------------
# LSBATCH: User input
cd /afs/cern.ch/work/w/wvandrie/public/EXO/CMSSW_7_1_8/src/EXO/DPAnalysis_Step2;eval `scramv1 runtime -sh` 
./tmp/main list/GMSB_L160-CTAU1000 GMSB_L160-CTAU1000;
------------------------------------------------------------

Successfully completed.

Resource usage summary:

    CPU time   :    113.54 sec.
    Max Memory :        59 MB
    Max Swap   :       905 MB

    Max Processes  :         8
    Max Threads    :         9

The output (if any) follows:

@(#)CERN job starter $Date: 2010/06/23 14:22:16 $
Working directory is </pool/lsf/wvandrie/609206511> on <>

Reading list : list/GMSB_L160-CTAU1000 .......
Adding following files to the chain
	/afs/cern.ch/work/w/wvandrie/public/EXO/CMSSW_7_1_8/src/EXO/DPAnalysis/test/v24/GMSB_L160-CTAU1000.root 
Number of files: 1
Building DPSelection...
Processing event 10000
Processing event 20000
Processing event 30000
Processing event 40000

Job finished at Thu Jan  8 11:49:33 CET 2015 on node 
 under linux version Scientific Linux CERN SLC release 6.6 (Carbon)

CERN statistics: This process used approximately : 0:03:11 KSI2K hours (191 KSI2K seconds)
                 This process corresponds to     : 0:12:27 HS06  hours (747 HS06  seconds)


PS:

Read file </afs/cern.ch/work/w/wvandrie/public/EXO/CMSSW_7_1_8/src/EXO/DPAnalysis_Step2/ntuples/GMSB_L160-CTAU1000/log/GMSB_L160-CTAU1000_0.stderr> for stderr output of this job.

Sender: LSF System <lsfadmin@b690a7f14c.cern.ch>
Subject: Job 609220970: <cd /afs/cern.ch/work/w/wvandrie/public/EXO/CMSSW_7_1_8/src/EXO/DPAnalysis_Step2;eval `scramv1 runtime -sh` ;./tmp/main list/GMSB_L160-CTAU1000 GMSB_L160-CTAU1000> in cluster batch Done

Job <cd /afs/cern.ch/work/w/wvandrie/public/EXO/CMSSW_7_1_8/src/EXO/DPAnalysis_Step2;eval `scramv1 runtime -sh` ;./tmp/main list/GMSB_L160-CTAU1000 GMSB_L160-CTAU1000> was submitted from host <lxplus0059.cern.ch> by user <wvandrie> in cluster <batch>.
Job was executed on host(s) <b690a7f14c.cern.ch>, in queue <8nh>, as user <wvandrie> in cluster <batch>.
</afs/cern.ch/user/w/wvandrie> was used as the home directory.
</afs/cern.ch/work/w/wvandrie/public/EXO/CMSSW_7_1_8/src/EXO/DPAnalysis_Step2> was used as the working directory.
Started at Thu Jan  8 12:19:47 2015
Results reported at Thu Jan  8 12:24:03 2015

Your job looked like:

------------------------------------------------------------
# LSBATCH: User input
cd /afs/cern.ch/work/w/wvandrie/public/EXO/CMSSW_7_1_8/src/EXO/DPAnalysis_Step2;eval `scramv1 runtime -sh` 
./tmp/main list/GMSB_L160-CTAU1000 GMSB_L160-CTAU1000;
------------------------------------------------------------

Successfully completed.

Resource usage summary:

    CPU time   :    137.81 sec.
    Max Memory :        62 MB
    Max Swap   :       893 MB

    Max Processes  :         8
    Max Threads    :         9

The output (if any) follows:

@(#)CERN job starter $Date: 2010/06/23 14:22:16 $
Working directory is </pool/lsf/wvandrie/609220970> on <>

Reading list : list/GMSB_L160-CTAU1000 .......
Adding following files to the chain
	/afs/cern.ch/work/w/wvandrie/public/EXO/CMSSW_7_1_8/src/EXO/DPAnalysis/test/v24/GMSB_L160-CTAU1000.root 
Number of files: 1
Building DPSelection...
Processing event 10000
Processing event 20000
Processing event 30000
Processing event 40000

Job finished at Thu Jan  8 12:23:41 CET 2015 on node 
 under linux version Scientific Linux CERN SLC release 6.6 (Carbon)

CERN statistics: This process used approximately : 0:03:52 KSI2K hours (232 KSI2K seconds)
                 This process corresponds to     : 0:15:06 HS06  hours (906 HS06  seconds)


PS:

Read file </afs/cern.ch/work/w/wvandrie/public/EXO/CMSSW_7_1_8/src/EXO/DPAnalysis_Step2/ntuples/GMSB_L160-CTAU1000/log/GMSB_L160-CTAU1000_0.stderr> for stderr output of this job.

