Sender: LSF System <lsfadmin@b6e1786119.cern.ch>
Subject: Job 611315386: <cd /afs/cern.ch/work/w/wvandrie/public/EXO/CMSSW_7_1_8/src/EXO/DPAnalysis_Step2;eval `scramv1 runtime -sh` ;./tmp/main list/GMSB_L140-CTAU10 GMSB_L140-CTAU10> in cluster batch Exited

Job <cd /afs/cern.ch/work/w/wvandrie/public/EXO/CMSSW_7_1_8/src/EXO/DPAnalysis_Step2;eval `scramv1 runtime -sh` ;./tmp/main list/GMSB_L140-CTAU10 GMSB_L140-CTAU10> was submitted from host <lxplus0027.cern.ch> by user <wvandrie> in cluster <batch>.
Job was executed on host(s) <b6e1786119.cern.ch>, in queue <8nh>, as user <wvandrie> in cluster <batch>.
</afs/cern.ch/user/w/wvandrie> was used as the home directory.
</afs/cern.ch/work/w/wvandrie/public/EXO/CMSSW_7_1_8/src/EXO/DPAnalysis_Step2> was used as the working directory.
Started at Wed Jan 14 17:49:33 2015
Results reported at Wed Jan 14 18:37:11 2015

Your job looked like:

------------------------------------------------------------
# LSBATCH: User input
cd /afs/cern.ch/work/w/wvandrie/public/EXO/CMSSW_7_1_8/src/EXO/DPAnalysis_Step2;eval `scramv1 runtime -sh` 
./tmp/main list/GMSB_L140-CTAU10 GMSB_L140-CTAU10;
------------------------------------------------------------

Exited with exit code 255.

Resource usage summary:

    CPU time   :      6.47 sec.
    Max Memory :        65 MB
    Max Swap   :      1099 MB

    Max Processes  :        10
    Max Threads    :        11

The output (if any) follows:

@(#)CERN job starter $Date: 2010/06/23 14:22:16 $
Working directory is </pool/lsf/wvandrie/611315386> on <>

Reading list : list/GMSB_L140-CTAU10 .......
Adding following files to the chain
	/afs/cern.ch/work/w/wvandrie/public/EXO/CMSSW_7_1_8/src/EXO/DPAnalysis/test/v24/GMSB_L140-CTAU10.root 
Number of files: 1
Building DPSelection...

Job finished at Wed Jan 14 18:36:32 CET 2015 on node 
 under linux version Scientific Linux CERN SLC release 6.6 (Carbon)

CERN statistics: This process used approximately : 0:00:11 KSI2K hours (11 KSI2K seconds)
                 This process corresponds to     : 0:00:43 HS06  hours (43 HS06  seconds)


PS:

Read file </afs/cern.ch/work/w/wvandrie/public/EXO/CMSSW_7_1_8/src/EXO/DPAnalysis_Step2/ntuples/GMSB_L140-CTAU10/log/GMSB_L140-CTAU10_0.stderr> for stderr output of this job.

Sender: LSF System <lsfadmin@b6281a0d8b.cern.ch>
Subject: Job 611396394: <cd /afs/cern.ch/work/w/wvandrie/public/EXO/CMSSW_7_1_8/src/EXO/DPAnalysis_Step2;eval `scramv1 runtime -sh` ;./tmp/main list/GMSB_L140-CTAU10 GMSB_L140-CTAU10> in cluster batch Exited

Job <cd /afs/cern.ch/work/w/wvandrie/public/EXO/CMSSW_7_1_8/src/EXO/DPAnalysis_Step2;eval `scramv1 runtime -sh` ;./tmp/main list/GMSB_L140-CTAU10 GMSB_L140-CTAU10> was submitted from host <lxplus0190.cern.ch> by user <wvandrie> in cluster <batch>.
Job was executed on host(s) <b6281a0d8b.cern.ch>, in queue <8nh>, as user <wvandrie> in cluster <batch>.
</afs/cern.ch/user/w/wvandrie> was used as the home directory.
</afs/cern.ch/work/w/wvandrie/public/EXO/CMSSW_7_1_8/src/EXO/DPAnalysis_Step2> was used as the working directory.
Started at Wed Jan 14 20:05:57 2015
Results reported at Wed Jan 14 20:08:25 2015

Your job looked like:

------------------------------------------------------------
# LSBATCH: User input
cd /afs/cern.ch/work/w/wvandrie/public/EXO/CMSSW_7_1_8/src/EXO/DPAnalysis_Step2;eval `scramv1 runtime -sh` 
./tmp/main list/GMSB_L140-CTAU10 GMSB_L140-CTAU10;
------------------------------------------------------------

Exited with exit code 255.

Resource usage summary:

    CPU time   :     14.49 sec.
    Max Memory :        69 MB
    Max Swap   :      1128 MB

    Max Processes  :        11
    Max Threads    :        12

The output (if any) follows:

@(#)CERN job starter $Date: 2010/06/23 14:22:16 $
Working directory is </pool/lsf/wvandrie/611396394> on <>

Reading list : list/GMSB_L140-CTAU10 .......
Adding following files to the chain
	/afs/cern.ch/work/w/wvandrie/public/EXO/CMSSW_7_1_8/src/EXO/DPAnalysis/test/v24/GMSB_L140-CTAU10.root 
Number of files: 1
Building DPSelection...

Job finished at Wed Jan 14 20:08:22 CET 2015 on node 
 under linux version Scientific Linux CERN SLC release 6.6 (Carbon)

CERN statistics: This process used approximately : 0:00:08 KSI2K hours (8 KSI2K seconds)
                 This process corresponds to     : 0:00:31 HS06  hours (31 HS06  seconds)


PS:

Read file </afs/cern.ch/work/w/wvandrie/public/EXO/CMSSW_7_1_8/src/EXO/DPAnalysis_Step2/ntuples/GMSB_L140-CTAU10/log/GMSB_L140-CTAU10_0.stderr> for stderr output of this job.

Sender: LSF System <lsfadmin@b671f63a77.cern.ch>
Subject: Job 611397594: <cd /afs/cern.ch/work/w/wvandrie/public/EXO/CMSSW_7_1_8/src/EXO/DPAnalysis_Step2;eval `scramv1 runtime -sh` ;./tmp/main list/GMSB_L140-CTAU10 GMSB_L140-CTAU10> in cluster batch Done

Job <cd /afs/cern.ch/work/w/wvandrie/public/EXO/CMSSW_7_1_8/src/EXO/DPAnalysis_Step2;eval `scramv1 runtime -sh` ;./tmp/main list/GMSB_L140-CTAU10 GMSB_L140-CTAU10> was submitted from host <lxplus0190.cern.ch> by user <wvandrie> in cluster <batch>.
Job was executed on host(s) <b671f63a77.cern.ch>, in queue <8nh>, as user <wvandrie> in cluster <batch>.
</afs/cern.ch/user/w/wvandrie> was used as the home directory.
</afs/cern.ch/work/w/wvandrie/public/EXO/CMSSW_7_1_8/src/EXO/DPAnalysis_Step2> was used as the working directory.
Started at Wed Jan 14 20:16:11 2015
Results reported at Wed Jan 14 20:20:59 2015

Your job looked like:

------------------------------------------------------------
# LSBATCH: User input
cd /afs/cern.ch/work/w/wvandrie/public/EXO/CMSSW_7_1_8/src/EXO/DPAnalysis_Step2;eval `scramv1 runtime -sh` 
./tmp/main list/GMSB_L140-CTAU10 GMSB_L140-CTAU10;
------------------------------------------------------------

Successfully completed.

Resource usage summary:

    CPU time   :     76.92 sec.
    Max Memory :        70 MB
    Max Swap   :       702 MB

    Max Processes  :         6
    Max Threads    :         7

The output (if any) follows:

@(#)CERN job starter $Date: 2010/06/23 14:22:16 $
Working directory is </pool/lsf/wvandrie/611397594> on <>

Reading list : list/GMSB_L140-CTAU10 .......
Adding following files to the chain
	/afs/cern.ch/work/w/wvandrie/public/EXO/CMSSW_7_1_8/src/EXO/DPAnalysis/test/v24/GMSB_L140-CTAU10.root 
Number of files: 1
Building DPSelection...
Processing event 10000
Processing event 20000
Processing event 30000
Processing event 40000

Job finished at Wed Jan 14 20:20:57 CET 2015 on node 
 under linux version Scientific Linux CERN SLC release 6.6 (Carbon)

CERN statistics: This process used approximately : 0:02:36 KSI2K hours (156 KSI2K seconds)
                 This process corresponds to     : 0:10:10 HS06  hours (610 HS06  seconds)


PS:

Read file </afs/cern.ch/work/w/wvandrie/public/EXO/CMSSW_7_1_8/src/EXO/DPAnalysis_Step2/ntuples/GMSB_L140-CTAU10/log/GMSB_L140-CTAU10_0.stderr> for stderr output of this job.

