Sender: LSF System <lsfadmin@b65cf0ac99.cern.ch>
Subject: Job 611156925: <cd /afs/cern.ch/work/w/wvandrie/public/EXO/CMSSW_7_1_8/src/EXO/DPAnalysis_Step2;eval `scramv1 runtime -sh` ;./tmp/main list/GMSB_L160-CTAU10 GMSB_L160-CTAU10> in cluster batch Done

Job <cd /afs/cern.ch/work/w/wvandrie/public/EXO/CMSSW_7_1_8/src/EXO/DPAnalysis_Step2;eval `scramv1 runtime -sh` ;./tmp/main list/GMSB_L160-CTAU10 GMSB_L160-CTAU10> was submitted from host <lxplus0073.cern.ch> by user <wvandrie> in cluster <batch>.
Job was executed on host(s) <b65cf0ac99.cern.ch>, in queue <8nh>, as user <wvandrie> in cluster <batch>.
</afs/cern.ch/user/w/wvandrie> was used as the home directory.
</afs/cern.ch/work/w/wvandrie/public/EXO/CMSSW_7_1_8/src/EXO/DPAnalysis_Step2> was used as the working directory.
Started at Wed Jan 14 11:27:10 2015
Results reported at Wed Jan 14 12:30:02 2015

Your job looked like:

------------------------------------------------------------
# LSBATCH: User input
cd /afs/cern.ch/work/w/wvandrie/public/EXO/CMSSW_7_1_8/src/EXO/DPAnalysis_Step2;eval `scramv1 runtime -sh` 
./tmp/main list/GMSB_L160-CTAU10 GMSB_L160-CTAU10;
------------------------------------------------------------

Successfully completed.

Resource usage summary:

    CPU time   :   2860.69 sec.
    Max Memory :       248 MB
    Max Swap   :      1225 MB

    Max Processes  :        10
    Max Threads    :        11

The output (if any) follows:

@(#)CERN job starter $Date: 2010/06/23 14:22:16 $
Working directory is </pool/lsf/wvandrie/611156925> on <>

Reading list : list/GMSB_L160-CTAU10 .......
Adding following files to the chain
	/afs/cern.ch/work/w/wvandrie/public/EXO/CMSSW_7_1_8/src/EXO/DPAnalysis/test/v24/GMSB_L160-CTAU10.root 
Number of files: 1
Building DPSelection...
Processing event 10000
Processing event 20000
Processing event 30000
Processing event 40000
Processing event 50000
Processing event 60000
Processing event 70000
Processing event 80000
Processing event 90000
Processing event 100000
Processing event 110000
Processing event 120000
Processing event 130000
Processing event 140000
Processing event 150000
Processing event 160000
Processing event 170000
Processing event 180000
Processing event 190000
Processing event 200000
Processing event 210000
Processing event 220000
Processing event 230000
Processing event 240000
Processing event 250000
Processing event 260000
Processing event 270000
Processing event 280000
Processing event 290000
Processing event 300000
Processing event 310000
Processing event 320000
Processing event 330000
Processing event 340000
Processing event 350000
Processing event 360000
Processing event 370000
Processing event 380000
Processing event 390000
Processing event 400000
Processing event 410000
Processing event 420000
Processing event 430000
Processing event 440000
Processing event 450000
Processing event 460000
Processing event 470000
Processing event 480000
Processing event 490000
Processing event 500000
Processing event 510000
Processing event 520000
Processing event 530000
Processing event 540000
Processing event 550000
Processing event 560000
Processing event 570000
Processing event 580000
Processing event 590000
Processing event 600000
Processing event 610000
Processing event 620000
Processing event 630000
Processing event 640000
Processing event 650000
Processing event 660000
Processing event 670000
Processing event 680000
Processing event 690000
Processing event 700000
Processing event 710000
Processing event 720000
Processing event 730000
Processing event 740000
Processing event 750000
Processing event 760000
Processing event 770000
Processing event 780000
Processing event 790000
Processing event 800000
Processing event 810000
Processing event 820000
Processing event 830000
Processing event 840000
Processing event 850000
Processing event 860000
Processing event 870000
Processing event 880000
Processing event 890000
Processing event 900000
Processing event 910000
Processing event 920000
Processing event 930000
Processing event 940000
Processing event 950000
Processing event 960000

Job finished at Wed Jan 14 12:28:50 CET 2015 on node 
 under linux version Scientific Linux CERN SLC release 6.6 (Carbon)

CERN statistics: This process used approximately : 1:20:50 KSI2K hours (4850 KSI2K seconds)
                 This process corresponds to     : 5:15:18 HS06  hours (18918 HS06  seconds)


PS:

Read file </afs/cern.ch/work/w/wvandrie/public/EXO/CMSSW_7_1_8/src/EXO/DPAnalysis_Step2/ntuples/GMSB_L160-CTAU10/log/GMSB_L160-CTAU10_0.stderr> for stderr output of this job.

Sender: LSF System <lsfadmin@b6bbcfeb6c.cern.ch>
Subject: Job 611258564: <cd /afs/cern.ch/work/w/wvandrie/public/EXO/CMSSW_7_1_8/src/EXO/DPAnalysis_Step2;eval `scramv1 runtime -sh` ;./tmp/main list/GMSB_L160-CTAU10 GMSB_L160-CTAU10> in cluster batch Done

Job <cd /afs/cern.ch/work/w/wvandrie/public/EXO/CMSSW_7_1_8/src/EXO/DPAnalysis_Step2;eval `scramv1 runtime -sh` ;./tmp/main list/GMSB_L160-CTAU10 GMSB_L160-CTAU10> was submitted from host <lxplus0038.cern.ch> by user <wvandrie> in cluster <batch>.
Job was executed on host(s) <b6bbcfeb6c.cern.ch>, in queue <8nh>, as user <wvandrie> in cluster <batch>.
</afs/cern.ch/user/w/wvandrie> was used as the home directory.
</afs/cern.ch/work/w/wvandrie/public/EXO/CMSSW_7_1_8/src/EXO/DPAnalysis_Step2> was used as the working directory.
Started at Wed Jan 14 14:25:44 2015
Results reported at Wed Jan 14 15:22:17 2015

Your job looked like:

------------------------------------------------------------
# LSBATCH: User input
cd /afs/cern.ch/work/w/wvandrie/public/EXO/CMSSW_7_1_8/src/EXO/DPAnalysis_Step2;eval `scramv1 runtime -sh` 
./tmp/main list/GMSB_L160-CTAU10 GMSB_L160-CTAU10;
------------------------------------------------------------

Successfully completed.

Resource usage summary:

    CPU time   :   1817.40 sec.
    Max Memory :       131 MB
    Max Swap   :      1131 MB

    Max Processes  :        10
    Max Threads    :        11

The output (if any) follows:

@(#)CERN job starter $Date: 2010/06/23 14:22:16 $
Working directory is </pool/lsf/wvandrie/611258564> on <>

Reading list : list/GMSB_L160-CTAU10 .......
Adding following files to the chain
	/afs/cern.ch/work/w/wvandrie/public/EXO/CMSSW_7_1_8/src/EXO/DPAnalysis/test/v24/GMSB_L160-CTAU10.root 
Number of files: 1
Building DPSelection...
Processing event 10000
Processing event 20000
Processing event 30000
Processing event 40000
Processing event 50000
Processing event 60000
Processing event 70000
Processing event 80000
Processing event 90000
Processing event 100000
Processing event 110000
Processing event 120000
Processing event 130000
Processing event 140000
Processing event 150000
Processing event 160000
Processing event 170000
Processing event 180000
Processing event 190000
Processing event 200000
Processing event 210000
Processing event 220000
Processing event 230000
Processing event 240000
Processing event 250000
Processing event 260000
Processing event 270000
Processing event 280000
Processing event 290000
Processing event 300000
Processing event 310000
Processing event 320000
Processing event 330000
Processing event 340000
Processing event 350000
Processing event 360000
Processing event 370000
Processing event 380000
Processing event 390000
Processing event 400000
Processing event 410000
Processing event 420000
Processing event 430000
Processing event 440000
Processing event 450000
Processing event 460000
Processing event 470000
Processing event 480000
Processing event 490000
Processing event 500000
Processing event 510000
Processing event 520000
Processing event 530000
Processing event 540000
Processing event 550000
Processing event 560000
Processing event 570000
Processing event 580000
Processing event 590000
Processing event 600000
Processing event 610000
Processing event 620000
Processing event 630000
Processing event 640000
Processing event 650000
Processing event 660000
Processing event 670000
Processing event 680000
Processing event 690000
Processing event 700000
Processing event 710000
Processing event 720000
Processing event 730000
Processing event 740000
Processing event 750000
Processing event 760000
Processing event 770000
Processing event 780000
Processing event 790000
Processing event 800000
Processing event 810000
Processing event 820000
Processing event 830000
Processing event 840000
Processing event 850000
Processing event 860000
Processing event 870000
Processing event 880000
Processing event 890000
Processing event 900000
Processing event 910000
Processing event 920000
Processing event 930000
Processing event 940000
Processing event 950000
Processing event 960000

Job finished at Wed Jan 14 15:21:29 CET 2015 on node 
 under linux version Scientific Linux CERN SLC release 6.6 (Carbon)

CERN statistics: This process used approximately : 0:52:52 KSI2K hours (3172 KSI2K seconds)
                 This process corresponds to     : 3:26:11 HS06  hours (12371 HS06  seconds)


PS:

Read file </afs/cern.ch/work/w/wvandrie/public/EXO/CMSSW_7_1_8/src/EXO/DPAnalysis_Step2/ntuples/GMSB_L160-CTAU10/log/GMSB_L160-CTAU10_0.stderr> for stderr output of this job.

