Info in <TCanvas::MakeDefCanvas>:  created default TCanvas with name c1

 *** Break *** segmentation violation



===========================================================
There was a crash.
This is the entire stack trace of all threads:
===========================================================
#0  0x00002b8e1a97461e in waitpid () from /lib64/libc.so.6
#1  0x00002b8e1a906609 in do_system () from /lib64/libc.so.6
#2  0x00002b8e1699a1bf in TUnixSystem::StackTrace() () from /cvmfs/cms.cern.ch/slc6_amd64_gcc481/cms/cmssw/CMSSW_7_1_8/external/slc6_amd64_gcc481/lib/libCore.so
#3  0x00002b8e1699bd2c in TUnixSystem::DispatchSignals(ESignals) () from /cvmfs/cms.cern.ch/slc6_amd64_gcc481/cms/cmssw/CMSSW_7_1_8/external/slc6_amd64_gcc481/lib/libCore.so
#4  <signal handler called>
#5  0x000000000040c206 in DPSelection::Loop (this=this
entry=0x7fff557b6fa0, nMaxEvents=nMaxEvents
entry=1000000000, outname=outname
entry=0x7fff557b68b0 "GMSB_L180-CTAU2000") at DPSelection.cc:438
#6  0x0000000000403cda in main (argc=<optimized out>, argv=<optimized out>) at main.cc:82
===========================================================


The lines below might hint at the cause of the crash.
If they do not help you then please submit a bug report at
http://root.cern.ch/bugs. Please post the ENTIRE stack trace
from above as an attachment in addition to anything else
that might help us fixing this issue.
===========================================================
#5  0x000000000040c206 in DPSelection::Loop (this=this
entry=0x7fff557b6fa0, nMaxEvents=nMaxEvents
entry=1000000000, outname=outname
entry=0x7fff557b68b0 "GMSB_L180-CTAU2000") at DPSelection.cc:438
#6  0x0000000000403cda in main (argc=<optimized out>, argv=<optimized out>) at main.cc:82
===========================================================


Info in <TCanvas::MakeDefCanvas>:  created default TCanvas with name c1

 *** Break *** segmentation violation



===========================================================
There was a crash.
This is the entire stack trace of all threads:
===========================================================
#0  0x00002ba014c8161e in waitpid () from /lib64/libc.so.6
#1  0x00002ba014c13609 in do_system () from /lib64/libc.so.6
#2  0x00002ba010d031bf in TUnixSystem::StackTrace() () from /cvmfs/cms.cern.ch/slc6_amd64_gcc481/cms/cmssw/CMSSW_7_1_8/external/slc6_amd64_gcc481/lib/libCore.so
#3  0x00002ba010d04d2c in TUnixSystem::DispatchSignals(ESignals) () from /cvmfs/cms.cern.ch/slc6_amd64_gcc481/cms/cmssw/CMSSW_7_1_8/external/slc6_amd64_gcc481/lib/libCore.so
#4  <signal handler called>
#5  0x000000000040b7b8 in DPSelection::Loop (this=this
entry=0x7fffaf3e7ee0, nMaxEvents=nMaxEvents
entry=1000000000, outname=outname
entry=0x7fffaf3e77f0 "GMSB_L180-CTAU2000") at DPSelection.cc:440
#6  0x0000000000403e0a in main (argc=<optimized out>, argv=<optimized out>) at main.cc:82
===========================================================


The lines below might hint at the cause of the crash.
If they do not help you then please submit a bug report at
http://root.cern.ch/bugs. Please post the ENTIRE stack trace
from above as an attachment in addition to anything else
that might help us fixing this issue.
===========================================================
#5  0x000000000040b7b8 in DPSelection::Loop (this=this
entry=0x7fffaf3e7ee0, nMaxEvents=nMaxEvents
entry=1000000000, outname=outname
entry=0x7fffaf3e77f0 "GMSB_L180-CTAU2000") at DPSelection.cc:440
#6  0x0000000000403e0a in main (argc=<optimized out>, argv=<optimized out>) at main.cc:82
===========================================================


Info in <TCanvas::MakeDefCanvas>:  created default TCanvas with name c1
