Sender: LSF System <lsfadmin@b63ef78622.cern.ch>
Subject: Job 611315305: <cd /afs/cern.ch/work/w/wvandrie/public/EXO/CMSSW_7_1_8/src/EXO/DPAnalysis_Step2;eval `scramv1 runtime -sh` ;./tmp/main list/GMSB_L180-CTAU2000 GMSB_L180-CTAU2000> in cluster batch Exited

Job <cd /afs/cern.ch/work/w/wvandrie/public/EXO/CMSSW_7_1_8/src/EXO/DPAnalysis_Step2;eval `scramv1 runtime -sh` ;./tmp/main list/GMSB_L180-CTAU2000 GMSB_L180-CTAU2000> was submitted from host <lxplus0027.cern.ch> by user <wvandrie> in cluster <batch>.
Job was executed on host(s) <b63ef78622.cern.ch>, in queue <8nh>, as user <wvandrie> in cluster <batch>.
</afs/cern.ch/user/w/wvandrie> was used as the home directory.
</afs/cern.ch/work/w/wvandrie/public/EXO/CMSSW_7_1_8/src/EXO/DPAnalysis_Step2> was used as the working directory.
Started at Wed Jan 14 17:49:23 2015
Results reported at Wed Jan 14 18:23:47 2015

Your job looked like:

------------------------------------------------------------
# LSBATCH: User input
cd /afs/cern.ch/work/w/wvandrie/public/EXO/CMSSW_7_1_8/src/EXO/DPAnalysis_Step2;eval `scramv1 runtime -sh` 
./tmp/main list/GMSB_L180-CTAU2000 GMSB_L180-CTAU2000;
------------------------------------------------------------

Exited with exit code 255.

Resource usage summary:

    CPU time   :     10.13 sec.
    Max Memory :        68 MB
    Max Swap   :      1414 MB

    Max Processes  :        13
    Max Threads    :        14

The output (if any) follows:

@(#)CERN job starter $Date: 2010/06/23 14:22:16 $
Working directory is </pool/lsf/wvandrie/611315305> on <>

Reading list : list/GMSB_L180-CTAU2000 .......
Adding following files to the chain
	/afs/cern.ch/work/w/wvandrie/public/EXO/CMSSW_7_1_8/src/EXO/DPAnalysis/test/v24/GMSB_L180-CTAU2000.root
Number of files: 1
Building DPSelection...

Job finished at Wed Jan 14 18:22:25 CET 2015 on node 
 under linux version Scientific Linux CERN SLC release 6.6 (Carbon)

CERN statistics: This process used approximately : 0:00:13 KSI2K hours (13 KSI2K seconds)
                 This process corresponds to     : 0:00:51 HS06  hours (51 HS06  seconds)


PS:

Read file </afs/cern.ch/work/w/wvandrie/public/EXO/CMSSW_7_1_8/src/EXO/DPAnalysis_Step2/ntuples/GMSB_L180-CTAU2000/log/GMSB_L180-CTAU2000_0.stderr> for stderr output of this job.

Sender: LSF System <lsfadmin@b654e61552.cern.ch>
Subject: Job 611396386: <cd /afs/cern.ch/work/w/wvandrie/public/EXO/CMSSW_7_1_8/src/EXO/DPAnalysis_Step2;eval `scramv1 runtime -sh` ;./tmp/main list/GMSB_L180-CTAU2000 GMSB_L180-CTAU2000> in cluster batch Exited

Job <cd /afs/cern.ch/work/w/wvandrie/public/EXO/CMSSW_7_1_8/src/EXO/DPAnalysis_Step2;eval `scramv1 runtime -sh` ;./tmp/main list/GMSB_L180-CTAU2000 GMSB_L180-CTAU2000> was submitted from host <lxplus0190.cern.ch> by user <wvandrie> in cluster <batch>.
Job was executed on host(s) <b654e61552.cern.ch>, in queue <8nh>, as user <wvandrie> in cluster <batch>.
</afs/cern.ch/user/w/wvandrie> was used as the home directory.
</afs/cern.ch/work/w/wvandrie/public/EXO/CMSSW_7_1_8/src/EXO/DPAnalysis_Step2> was used as the working directory.
Started at Wed Jan 14 20:05:57 2015
Results reported at Wed Jan 14 20:06:38 2015

Your job looked like:

------------------------------------------------------------
# LSBATCH: User input
cd /afs/cern.ch/work/w/wvandrie/public/EXO/CMSSW_7_1_8/src/EXO/DPAnalysis_Step2;eval `scramv1 runtime -sh` 
./tmp/main list/GMSB_L180-CTAU2000 GMSB_L180-CTAU2000;
------------------------------------------------------------

Exited with exit code 255.

Resource usage summary:

    CPU time   :      5.29 sec.
    Max Memory :        69 MB
    Max Swap   :      1129 MB

    Max Processes  :        11
    Max Threads    :        12

The output (if any) follows:

@(#)CERN job starter $Date: 2010/06/23 14:22:16 $
Working directory is </pool/lsf/wvandrie/611396386> on <>

Reading list : list/GMSB_L180-CTAU2000 .......
Adding following files to the chain
	/afs/cern.ch/work/w/wvandrie/public/EXO/CMSSW_7_1_8/src/EXO/DPAnalysis/test/v24/GMSB_L180-CTAU2000.root
Number of files: 1
Building DPSelection...

Job finished at Wed Jan 14 20:06:36 CET 2015 on node 
 under linux version Scientific Linux CERN SLC release 6.6 (Carbon)

CERN statistics: This process used approximately : 0:00:09 KSI2K hours (9 KSI2K seconds)
                 This process corresponds to     : 0:00:38 HS06  hours (38 HS06  seconds)


PS:

Read file </afs/cern.ch/work/w/wvandrie/public/EXO/CMSSW_7_1_8/src/EXO/DPAnalysis_Step2/ntuples/GMSB_L180-CTAU2000/log/GMSB_L180-CTAU2000_0.stderr> for stderr output of this job.

Sender: LSF System <lsfadmin@b6b292eb6f.cern.ch>
Subject: Job 611397587: <cd /afs/cern.ch/work/w/wvandrie/public/EXO/CMSSW_7_1_8/src/EXO/DPAnalysis_Step2;eval `scramv1 runtime -sh` ;./tmp/main list/GMSB_L180-CTAU2000 GMSB_L180-CTAU2000> in cluster batch Done

Job <cd /afs/cern.ch/work/w/wvandrie/public/EXO/CMSSW_7_1_8/src/EXO/DPAnalysis_Step2;eval `scramv1 runtime -sh` ;./tmp/main list/GMSB_L180-CTAU2000 GMSB_L180-CTAU2000> was submitted from host <lxplus0190.cern.ch> by user <wvandrie> in cluster <batch>.
Job was executed on host(s) <b6b292eb6f.cern.ch>, in queue <8nh>, as user <wvandrie> in cluster <batch>.
</afs/cern.ch/user/w/wvandrie> was used as the home directory.
</afs/cern.ch/work/w/wvandrie/public/EXO/CMSSW_7_1_8/src/EXO/DPAnalysis_Step2> was used as the working directory.
Started at Wed Jan 14 20:16:09 2015
Results reported at Wed Jan 14 20:18:37 2015

Your job looked like:

------------------------------------------------------------
# LSBATCH: User input
cd /afs/cern.ch/work/w/wvandrie/public/EXO/CMSSW_7_1_8/src/EXO/DPAnalysis_Step2;eval `scramv1 runtime -sh` 
./tmp/main list/GMSB_L180-CTAU2000 GMSB_L180-CTAU2000;
------------------------------------------------------------

Successfully completed.

Resource usage summary:

    CPU time   :     76.98 sec.
    Max Memory :        60 MB
    Max Swap   :       908 MB

    Max Processes  :         8
    Max Threads    :         9

The output (if any) follows:

@(#)CERN job starter $Date: 2010/06/23 14:22:16 $
Working directory is </pool/lsf/wvandrie/611397587> on <>

Reading list : list/GMSB_L180-CTAU2000 .......
Adding following files to the chain
	/afs/cern.ch/work/w/wvandrie/public/EXO/CMSSW_7_1_8/src/EXO/DPAnalysis/test/v24/GMSB_L180-CTAU2000.root
Number of files: 1
Building DPSelection...
Processing event 10000
Processing event 20000
Processing event 30000
Processing event 40000

Job finished at Wed Jan 14 20:17:56 CET 2015 on node 
 under linux version Scientific Linux CERN SLC release 6.6 (Carbon)

CERN statistics: This process used approximately : 0:02:36 KSI2K hours (156 KSI2K seconds)
                 This process corresponds to     : 0:10:09 HS06  hours (609 HS06  seconds)


PS:

Read file </afs/cern.ch/work/w/wvandrie/public/EXO/CMSSW_7_1_8/src/EXO/DPAnalysis_Step2/ntuples/GMSB_L180-CTAU2000/log/GMSB_L180-CTAU2000_0.stderr> for stderr output of this job.

