Info in <TCanvas::MakeDefCanvas>:  created default TCanvas with name c1

 *** Break *** segmentation violation



===========================================================
There was a crash.
This is the entire stack trace of all threads:
===========================================================
#0  0x00002af46ff9361e in waitpid () from /lib64/libc.so.6
#1  0x00002af46ff25609 in do_system () from /lib64/libc.so.6
#2  0x00002af46c0161bf in TUnixSystem::StackTrace() () from /cvmfs/cms.cern.ch/slc6_amd64_gcc481/cms/cmssw/CMSSW_7_1_8/external/slc6_amd64_gcc481/lib/libCore.so
#3  0x00002af46c017d2c in TUnixSystem::DispatchSignals(ESignals) () from /cvmfs/cms.cern.ch/slc6_amd64_gcc481/cms/cmssw/CMSSW_7_1_8/external/slc6_amd64_gcc481/lib/libCore.so
#4  <signal handler called>
#5  0x000000000040c206 in DPSelection::Loop (this=this
entry=0x7fff1b05c590, nMaxEvents=nMaxEvents
entry=1000000000, outname=outname
entry=0x7fff1b05bea0 "G_Pt-80to120") at DPSelection.cc:438
#6  0x0000000000403cda in main (argc=<optimized out>, argv=<optimized out>) at main.cc:82
===========================================================


The lines below might hint at the cause of the crash.
If they do not help you then please submit a bug report at
http://root.cern.ch/bugs. Please post the ENTIRE stack trace
from above as an attachment in addition to anything else
that might help us fixing this issue.
===========================================================
#5  0x000000000040c206 in DPSelection::Loop (this=this
entry=0x7fff1b05c590, nMaxEvents=nMaxEvents
entry=1000000000, outname=outname
entry=0x7fff1b05bea0 "G_Pt-80to120") at DPSelection.cc:438
#6  0x0000000000403cda in main (argc=<optimized out>, argv=<optimized out>) at main.cc:82
===========================================================


Info in <TCanvas::MakeDefCanvas>:  created default TCanvas with name c1

 *** Break *** segmentation violation



===========================================================
There was a crash.
This is the entire stack trace of all threads:
===========================================================
#0  0x00002b1e1651661e in waitpid () from /lib64/libc.so.6
#1  0x00002b1e164a8609 in do_system () from /lib64/libc.so.6
#2  0x00002b1e125981bf in TUnixSystem::StackTrace() () from /cvmfs/cms.cern.ch/slc6_amd64_gcc481/cms/cmssw/CMSSW_7_1_8/external/slc6_amd64_gcc481/lib/libCore.so
#3  0x00002b1e12599d2c in TUnixSystem::DispatchSignals(ESignals) () from /cvmfs/cms.cern.ch/slc6_amd64_gcc481/cms/cmssw/CMSSW_7_1_8/external/slc6_amd64_gcc481/lib/libCore.so
#4  <signal handler called>
#5  0x000000000040b7b8 in DPSelection::Loop (this=this
entry=0x7fff35af5c00, nMaxEvents=nMaxEvents
entry=1000000000, outname=outname
entry=0x7fff35af5510 "G_Pt-80to120") at DPSelection.cc:440
#6  0x0000000000403e0a in main (argc=<optimized out>, argv=<optimized out>) at main.cc:82
===========================================================


The lines below might hint at the cause of the crash.
If they do not help you then please submit a bug report at
http://root.cern.ch/bugs. Please post the ENTIRE stack trace
from above as an attachment in addition to anything else
that might help us fixing this issue.
===========================================================
#5  0x000000000040b7b8 in DPSelection::Loop (this=this
entry=0x7fff35af5c00, nMaxEvents=nMaxEvents
entry=1000000000, outname=outname
entry=0x7fff35af5510 "G_Pt-80to120") at DPSelection.cc:440
#6  0x0000000000403e0a in main (argc=<optimized out>, argv=<optimized out>) at main.cc:82
===========================================================


Info in <TCanvas::MakeDefCanvas>:  created default TCanvas with name c1
