Sender: LSF System <lsfadmin@b6ab415feb.cern.ch>
Subject: Job 611562127: <cd /afs/cern.ch/work/w/wvandrie/public/EXO/CMSSW_7_1_8/src/EXO/DPAnalysis_Step2;eval `scramv1 runtime -sh` ;./tmp/main list/GMSB_L140-CTAU500 GMSB_L140-CTAU500> in cluster batch Done

Job <cd /afs/cern.ch/work/w/wvandrie/public/EXO/CMSSW_7_1_8/src/EXO/DPAnalysis_Step2;eval `scramv1 runtime -sh` ;./tmp/main list/GMSB_L140-CTAU500 GMSB_L140-CTAU500> was submitted from host <lxplus0021.cern.ch> by user <wvandrie> in cluster <batch>.
Job was executed on host(s) <b6ab415feb.cern.ch>, in queue <8nh>, as user <wvandrie> in cluster <batch>.
</afs/cern.ch/user/w/wvandrie> was used as the home directory.
</afs/cern.ch/work/w/wvandrie/public/EXO/CMSSW_7_1_8/src/EXO/DPAnalysis_Step2> was used as the working directory.
Started at Thu Jan 15 13:02:58 2015
Results reported at Thu Jan 15 13:04:50 2015

Your job looked like:

------------------------------------------------------------
# LSBATCH: User input
cd /afs/cern.ch/work/w/wvandrie/public/EXO/CMSSW_7_1_8/src/EXO/DPAnalysis_Step2;eval `scramv1 runtime -sh` 
./tmp/main list/GMSB_L140-CTAU500 GMSB_L140-CTAU500;
------------------------------------------------------------

Successfully completed.

Resource usage summary:

    CPU time   :     83.79 sec.
    Max Memory :        56 MB
    Max Swap   :       696 MB

    Max Processes  :         6
    Max Threads    :         7

The output (if any) follows:

@(#)CERN job starter $Date: 2010/06/23 14:22:16 $
Working directory is </pool/lsf/wvandrie/611562127> on <>

Reading list : list/GMSB_L140-CTAU500 .......
Adding following files to the chain
	/afs/cern.ch/work/w/wvandrie/public/EXO/CMSSW_7_1_8/src/EXO/DPAnalysis/test/v24/GMSB_L140-CTAU500.root 
Number of files: 1
Building DPSelection...
Processing event 10000
Processing event 20000
Processing event 30000
Processing event 40000

Job finished at Thu Jan 15 13:04:48 CET 2015 on node 
 under linux version Scientific Linux CERN SLC release 6.6 (Carbon)

CERN statistics: This process used approximately : 0:02:50 KSI2K hours (170 KSI2K seconds)
                 This process corresponds to     : 0:11:05 HS06  hours (665 HS06  seconds)


PS:

Read file </afs/cern.ch/work/w/wvandrie/public/EXO/CMSSW_7_1_8/src/EXO/DPAnalysis_Step2/ntuples/GMSB_L140-CTAU500/log/GMSB_L140-CTAU500_0.stderr> for stderr output of this job.

