Sender: LSF System <lsfadmin@b681ec1ff5.cern.ch>
Subject: Job 611315409: <cd /afs/cern.ch/work/w/wvandrie/public/EXO/CMSSW_7_1_8/src/EXO/DPAnalysis_Step2;eval `scramv1 runtime -sh` ;./tmp/main list/GMSB_L140-CTAU1000 GMSB_L140-CTAU1000> in cluster batch Exited

Job <cd /afs/cern.ch/work/w/wvandrie/public/EXO/CMSSW_7_1_8/src/EXO/DPAnalysis_Step2;eval `scramv1 runtime -sh` ;./tmp/main list/GMSB_L140-CTAU1000 GMSB_L140-CTAU1000> was submitted from host <lxplus0027.cern.ch> by user <wvandrie> in cluster <batch>.
Job was executed on host(s) <b681ec1ff5.cern.ch>, in queue <8nh>, as user <wvandrie> in cluster <batch>.
</afs/cern.ch/user/w/wvandrie> was used as the home directory.
</afs/cern.ch/work/w/wvandrie/public/EXO/CMSSW_7_1_8/src/EXO/DPAnalysis_Step2> was used as the working directory.
Started at Wed Jan 14 17:49:38 2015
Results reported at Wed Jan 14 18:09:49 2015

Your job looked like:

------------------------------------------------------------
# LSBATCH: User input
cd /afs/cern.ch/work/w/wvandrie/public/EXO/CMSSW_7_1_8/src/EXO/DPAnalysis_Step2;eval `scramv1 runtime -sh` 
./tmp/main list/GMSB_L140-CTAU1000 GMSB_L140-CTAU1000;
------------------------------------------------------------

Exited with exit code 255.

Resource usage summary:

    CPU time   :      6.90 sec.
    Max Memory :       166 MB
    Max Swap   :      1441 MB

    Max Processes  :        13
    Max Threads    :        14

The output (if any) follows:

@(#)CERN job starter $Date: 2010/06/23 14:22:16 $
Working directory is </pool/lsf/wvandrie/611315409> on <>

Reading list : list/GMSB_L140-CTAU1000 .......
Adding following files to the chain
	/afs/cern.ch/work/w/wvandrie/public/EXO/CMSSW_7_1_8/src/EXO/DPAnalysis/test/v24/GMSB_L140-CTAU1000.root 
Number of files: 1
Building DPSelection...

Job finished at Wed Jan 14 18:08:46 CET 2015 on node 
 under linux version Scientific Linux CERN SLC release 6.6 (Carbon)

CERN statistics: This process used approximately : 0:00:15 KSI2K hours (15 KSI2K seconds)
                 This process corresponds to     : 0:00:59 HS06  hours (59 HS06  seconds)


PS:

Read file </afs/cern.ch/work/w/wvandrie/public/EXO/CMSSW_7_1_8/src/EXO/DPAnalysis_Step2/ntuples/GMSB_L140-CTAU1000/log/GMSB_L140-CTAU1000_0.stderr> for stderr output of this job.

Sender: LSF System <lsfadmin@b6844372fa.cern.ch>
Subject: Job 611396397: <cd /afs/cern.ch/work/w/wvandrie/public/EXO/CMSSW_7_1_8/src/EXO/DPAnalysis_Step2;eval `scramv1 runtime -sh` ;./tmp/main list/GMSB_L140-CTAU1000 GMSB_L140-CTAU1000> in cluster batch Exited

Job <cd /afs/cern.ch/work/w/wvandrie/public/EXO/CMSSW_7_1_8/src/EXO/DPAnalysis_Step2;eval `scramv1 runtime -sh` ;./tmp/main list/GMSB_L140-CTAU1000 GMSB_L140-CTAU1000> was submitted from host <lxplus0190.cern.ch> by user <wvandrie> in cluster <batch>.
Job was executed on host(s) <b6844372fa.cern.ch>, in queue <8nh>, as user <wvandrie> in cluster <batch>.
</afs/cern.ch/user/w/wvandrie> was used as the home directory.
</afs/cern.ch/work/w/wvandrie/public/EXO/CMSSW_7_1_8/src/EXO/DPAnalysis_Step2> was used as the working directory.
Started at Wed Jan 14 20:05:57 2015
Results reported at Wed Jan 14 20:06:53 2015

Your job looked like:

------------------------------------------------------------
# LSBATCH: User input
cd /afs/cern.ch/work/w/wvandrie/public/EXO/CMSSW_7_1_8/src/EXO/DPAnalysis_Step2;eval `scramv1 runtime -sh` 
./tmp/main list/GMSB_L140-CTAU1000 GMSB_L140-CTAU1000;
------------------------------------------------------------

Exited with exit code 255.

Resource usage summary:

    CPU time   :      6.96 sec.
    Max Memory :        67 MB
    Max Swap   :      1126 MB

    Max Processes  :        11
    Max Threads    :        12

The output (if any) follows:

@(#)CERN job starter $Date: 2010/06/23 14:22:16 $
Working directory is </pool/lsf/wvandrie/611396397> on <>

Reading list : list/GMSB_L140-CTAU1000 .......
Adding following files to the chain
	/afs/cern.ch/work/w/wvandrie/public/EXO/CMSSW_7_1_8/src/EXO/DPAnalysis/test/v24/GMSB_L140-CTAU1000.root 
Number of files: 1
Building DPSelection...

Job finished at Wed Jan 14 20:06:50 CET 2015 on node 
 under linux version Scientific Linux CERN SLC release 6.6 (Carbon)

CERN statistics: This process used approximately : 0:00:12 KSI2K hours (12 KSI2K seconds)
                 This process corresponds to     : 0:00:49 HS06  hours (49 HS06  seconds)


PS:

Read file </afs/cern.ch/work/w/wvandrie/public/EXO/CMSSW_7_1_8/src/EXO/DPAnalysis_Step2/ntuples/GMSB_L140-CTAU1000/log/GMSB_L140-CTAU1000_0.stderr> for stderr output of this job.

Sender: LSF System <lsfadmin@p01001532708281.cern.ch>
Subject: Job 611397598: <cd /afs/cern.ch/work/w/wvandrie/public/EXO/CMSSW_7_1_8/src/EXO/DPAnalysis_Step2;eval `scramv1 runtime -sh` ;./tmp/main list/GMSB_L140-CTAU1000 GMSB_L140-CTAU1000> in cluster batch Done

Job <cd /afs/cern.ch/work/w/wvandrie/public/EXO/CMSSW_7_1_8/src/EXO/DPAnalysis_Step2;eval `scramv1 runtime -sh` ;./tmp/main list/GMSB_L140-CTAU1000 GMSB_L140-CTAU1000> was submitted from host <lxplus0190.cern.ch> by user <wvandrie> in cluster <batch>.
Job was executed on host(s) <p01001532708281.cern.ch>, in queue <8nh>, as user <wvandrie> in cluster <batch>.
</afs/cern.ch/user/w/wvandrie> was used as the home directory.
</afs/cern.ch/work/w/wvandrie/public/EXO/CMSSW_7_1_8/src/EXO/DPAnalysis_Step2> was used as the working directory.
Started at Wed Jan 14 20:16:11 2015
Results reported at Wed Jan 14 20:21:12 2015

Your job looked like:

------------------------------------------------------------
# LSBATCH: User input
cd /afs/cern.ch/work/w/wvandrie/public/EXO/CMSSW_7_1_8/src/EXO/DPAnalysis_Step2;eval `scramv1 runtime -sh` 
./tmp/main list/GMSB_L140-CTAU1000 GMSB_L140-CTAU1000;
------------------------------------------------------------

Successfully completed.

Resource usage summary:

    CPU time   :     83.86 sec.
    Max Memory :        59 MB
    Max Swap   :       699 MB

    Max Processes  :         6
    Max Threads    :         7

The output (if any) follows:

@(#)CERN job starter $Date: 2010/06/23 14:22:16 $
Working directory is </pool/lsf/wvandrie/611397598> on <>

Reading list : list/GMSB_L140-CTAU1000 .......
Adding following files to the chain
	/afs/cern.ch/work/w/wvandrie/public/EXO/CMSSW_7_1_8/src/EXO/DPAnalysis/test/v24/GMSB_L140-CTAU1000.root 
Number of files: 1
Building DPSelection...
Processing event 10000
Processing event 20000
Processing event 30000
Processing event 40000

Job finished at Wed Jan 14 20:21:09 CET 2015 on node 
 under linux version Scientific Linux CERN SLC release 6.6 (Carbon)

CERN statistics: This process used approximately : 0:02:50 KSI2K hours (170 KSI2K seconds)
                 This process corresponds to     : 0:11:06 HS06  hours (666 HS06  seconds)


PS:

Read file </afs/cern.ch/work/w/wvandrie/public/EXO/CMSSW_7_1_8/src/EXO/DPAnalysis_Step2/ntuples/GMSB_L140-CTAU1000/log/GMSB_L140-CTAU1000_0.stderr> for stderr output of this job.

