Sender: LSF System <lsfadmin@b6390124a8.cern.ch>
Subject: Job 609206514: <cd /afs/cern.ch/work/w/wvandrie/public/EXO/CMSSW_7_1_8/src/EXO/DPAnalysis_Step2;eval `scramv1 runtime -sh` ;./tmp/main list/GMSB_L160-CTAU2000 GMSB_L160-CTAU2000> in cluster batch Done

Job <cd /afs/cern.ch/work/w/wvandrie/public/EXO/CMSSW_7_1_8/src/EXO/DPAnalysis_Step2;eval `scramv1 runtime -sh` ;./tmp/main list/GMSB_L160-CTAU2000 GMSB_L160-CTAU2000> was submitted from host <lxplus0059.cern.ch> by user <wvandrie> in cluster <batch>.
Job was executed on host(s) <b6390124a8.cern.ch>, in queue <8nh>, as user <wvandrie> in cluster <batch>.
</afs/cern.ch/user/w/wvandrie> was used as the home directory.
</afs/cern.ch/work/w/wvandrie/public/EXO/CMSSW_7_1_8/src/EXO/DPAnalysis_Step2> was used as the working directory.
Started at Thu Jan  8 11:46:35 2015
Results reported at Thu Jan  8 11:49:46 2015

Your job looked like:

------------------------------------------------------------
# LSBATCH: User input
cd /afs/cern.ch/work/w/wvandrie/public/EXO/CMSSW_7_1_8/src/EXO/DPAnalysis_Step2;eval `scramv1 runtime -sh` 
./tmp/main list/GMSB_L160-CTAU2000 GMSB_L160-CTAU2000;
------------------------------------------------------------

Successfully completed.

Resource usage summary:

    CPU time   :    101.42 sec.
    Max Memory :        57 MB
    Max Swap   :       890 MB

    Max Processes  :         8
    Max Threads    :         9

The output (if any) follows:

@(#)CERN job starter $Date: 2010/06/23 14:22:16 $
Working directory is </pool/lsf/wvandrie/609206514> on <>

Reading list : list/GMSB_L160-CTAU2000 .......
Adding following files to the chain
	/afs/cern.ch/work/w/wvandrie/public/EXO/CMSSW_7_1_8/src/EXO/DPAnalysis/test/v24/GMSB_L160-CTAU2000.root 
Number of files: 1
Building DPSelection...
Processing event 10000
Processing event 20000
Processing event 30000
Processing event 40000

Job finished at Thu Jan  8 11:48:42 CET 2015 on node 
 under linux version Scientific Linux CERN SLC release 6.6 (Carbon)

CERN statistics: This process used approximately : 0:03:25 KSI2K hours (205 KSI2K seconds)
                 This process corresponds to     : 0:13:23 HS06  hours (803 HS06  seconds)


PS:

Read file </afs/cern.ch/work/w/wvandrie/public/EXO/CMSSW_7_1_8/src/EXO/DPAnalysis_Step2/ntuples/GMSB_L160-CTAU2000/log/GMSB_L160-CTAU2000_0.stderr> for stderr output of this job.

Sender: LSF System <lsfadmin@b6c8149233.cern.ch>
Subject: Job 609220972: <cd /afs/cern.ch/work/w/wvandrie/public/EXO/CMSSW_7_1_8/src/EXO/DPAnalysis_Step2;eval `scramv1 runtime -sh` ;./tmp/main list/GMSB_L160-CTAU2000 GMSB_L160-CTAU2000> in cluster batch Done

Job <cd /afs/cern.ch/work/w/wvandrie/public/EXO/CMSSW_7_1_8/src/EXO/DPAnalysis_Step2;eval `scramv1 runtime -sh` ;./tmp/main list/GMSB_L160-CTAU2000 GMSB_L160-CTAU2000> was submitted from host <lxplus0059.cern.ch> by user <wvandrie> in cluster <batch>.
Job was executed on host(s) <b6c8149233.cern.ch>, in queue <8nh>, as user <wvandrie> in cluster <batch>.
</afs/cern.ch/user/w/wvandrie> was used as the home directory.
</afs/cern.ch/work/w/wvandrie/public/EXO/CMSSW_7_1_8/src/EXO/DPAnalysis_Step2> was used as the working directory.
Started at Thu Jan  8 12:19:47 2015
Results reported at Thu Jan  8 12:21:12 2015

Your job looked like:

------------------------------------------------------------
# LSBATCH: User input
cd /afs/cern.ch/work/w/wvandrie/public/EXO/CMSSW_7_1_8/src/EXO/DPAnalysis_Step2;eval `scramv1 runtime -sh` 
./tmp/main list/GMSB_L160-CTAU2000 GMSB_L160-CTAU2000;
------------------------------------------------------------

Successfully completed.

Resource usage summary:

    CPU time   :     60.91 sec.
    Max Memory :        60 MB
    Max Swap   :       699 MB

    Max Processes  :         6
    Max Threads    :         7

The output (if any) follows:

@(#)CERN job starter $Date: 2010/06/23 14:22:16 $
Working directory is </pool/lsf/wvandrie/609220972> on <>

Reading list : list/GMSB_L160-CTAU2000 .......
Adding following files to the chain
	/afs/cern.ch/work/w/wvandrie/public/EXO/CMSSW_7_1_8/src/EXO/DPAnalysis/test/v24/GMSB_L160-CTAU2000.root 
Number of files: 1
Building DPSelection...
Processing event 10000
Processing event 20000
Processing event 30000
Processing event 40000

Job finished at Thu Jan  8 12:21:10 CET 2015 on node 
 under linux version Scientific Linux CERN SLC release 6.6 (Carbon)

CERN statistics: This process used approximately : 0:02:03 KSI2K hours (123 KSI2K seconds)
                 This process corresponds to     : 0:08:02 HS06  hours (482 HS06  seconds)


PS:

Read file </afs/cern.ch/work/w/wvandrie/public/EXO/CMSSW_7_1_8/src/EXO/DPAnalysis_Step2/ntuples/GMSB_L160-CTAU2000/log/GMSB_L160-CTAU2000_0.stderr> for stderr output of this job.

