Sender: LSF System <lsfadmin@b68489fe21.cern.ch>
Subject: Job 611156967: <cd /afs/cern.ch/work/w/wvandrie/public/EXO/CMSSW_7_1_8/src/EXO/DPAnalysis_Step2;eval `scramv1 runtime -sh` ;./tmp/main list/GMSB_L140-CTAU2000 GMSB_L140-CTAU2000> in cluster batch Done

Job <cd /afs/cern.ch/work/w/wvandrie/public/EXO/CMSSW_7_1_8/src/EXO/DPAnalysis_Step2;eval `scramv1 runtime -sh` ;./tmp/main list/GMSB_L140-CTAU2000 GMSB_L140-CTAU2000> was submitted from host <lxplus0073.cern.ch> by user <wvandrie> in cluster <batch>.
Job was executed on host(s) <b68489fe21.cern.ch>, in queue <8nh>, as user <wvandrie> in cluster <batch>.
</afs/cern.ch/user/w/wvandrie> was used as the home directory.
</afs/cern.ch/work/w/wvandrie/public/EXO/CMSSW_7_1_8/src/EXO/DPAnalysis_Step2> was used as the working directory.
Started at Wed Jan 14 11:27:13 2015
Results reported at Wed Jan 14 11:34:22 2015

Your job looked like:

------------------------------------------------------------
# LSBATCH: User input
cd /afs/cern.ch/work/w/wvandrie/public/EXO/CMSSW_7_1_8/src/EXO/DPAnalysis_Step2;eval `scramv1 runtime -sh` 
./tmp/main list/GMSB_L140-CTAU2000 GMSB_L140-CTAU2000;
------------------------------------------------------------

Successfully completed.

Resource usage summary:

    CPU time   :     75.24 sec.
    Max Memory :        56 MB
    Max Swap   :       836 MB

    Max Processes  :         8
    Max Threads    :         9

The output (if any) follows:

@(#)CERN job starter $Date: 2010/06/23 14:22:16 $
Working directory is </pool/lsf/wvandrie/611156967> on <>

Reading list : list/GMSB_L140-CTAU2000 .......
Adding following files to the chain
	/afs/cern.ch/work/w/wvandrie/public/EXO/CMSSW_7_1_8/src/EXO/DPAnalysis/test/v24/GMSB_L140-CTAU2000.root 
Number of files: 1
Building DPSelection...
Processing event 10000
Processing event 20000
Processing event 30000
Processing event 40000

Job finished at Wed Jan 14 11:33:25 CET 2015 on node 
 under linux version Scientific Linux CERN SLC release 6.6 (Carbon)

CERN statistics: This process used approximately : 0:02:32 KSI2K hours (152 KSI2K seconds)
                 This process corresponds to     : 0:09:54 HS06  hours (594 HS06  seconds)


PS:

Read file </afs/cern.ch/work/w/wvandrie/public/EXO/CMSSW_7_1_8/src/EXO/DPAnalysis_Step2/ntuples/GMSB_L140-CTAU2000/log/GMSB_L140-CTAU2000_0.stderr> for stderr output of this job.

Sender: LSF System <lsfadmin@b6d88ee568.cern.ch>
Subject: Job 611258574: <cd /afs/cern.ch/work/w/wvandrie/public/EXO/CMSSW_7_1_8/src/EXO/DPAnalysis_Step2;eval `scramv1 runtime -sh` ;./tmp/main list/GMSB_L140-CTAU2000 GMSB_L140-CTAU2000> in cluster batch Done

Job <cd /afs/cern.ch/work/w/wvandrie/public/EXO/CMSSW_7_1_8/src/EXO/DPAnalysis_Step2;eval `scramv1 runtime -sh` ;./tmp/main list/GMSB_L140-CTAU2000 GMSB_L140-CTAU2000> was submitted from host <lxplus0038.cern.ch> by user <wvandrie> in cluster <batch>.
Job was executed on host(s) <b6d88ee568.cern.ch>, in queue <8nh>, as user <wvandrie> in cluster <batch>.
</afs/cern.ch/user/w/wvandrie> was used as the home directory.
</afs/cern.ch/work/w/wvandrie/public/EXO/CMSSW_7_1_8/src/EXO/DPAnalysis_Step2> was used as the working directory.
Started at Wed Jan 14 14:25:44 2015
Results reported at Wed Jan 14 15:08:24 2015

Your job looked like:

------------------------------------------------------------
# LSBATCH: User input
cd /afs/cern.ch/work/w/wvandrie/public/EXO/CMSSW_7_1_8/src/EXO/DPAnalysis_Step2;eval `scramv1 runtime -sh` 
./tmp/main list/GMSB_L140-CTAU2000 GMSB_L140-CTAU2000;
------------------------------------------------------------

Successfully completed.

Resource usage summary:

    CPU time   :    105.13 sec.
    Max Memory :        58 MB
    Max Swap   :       855 MB

    Max Processes  :         8
    Max Threads    :         9

The output (if any) follows:

@(#)CERN job starter $Date: 2010/06/23 14:22:16 $
Working directory is </pool/lsf/wvandrie/611258574> on <>

Reading list : list/GMSB_L140-CTAU2000 .......
Adding following files to the chain
	/afs/cern.ch/work/w/wvandrie/public/EXO/CMSSW_7_1_8/src/EXO/DPAnalysis/test/v24/GMSB_L140-CTAU2000.root 
Number of files: 1
Building DPSelection...
Processing event 10000
Processing event 20000
Processing event 30000
Processing event 40000

Job finished at Wed Jan 14 14:52:37 CET 2015 on node 
 under linux version Scientific Linux CERN SLC release 6.6 (Carbon)

CERN statistics: This process used approximately : 0:03:23 KSI2K hours (203 KSI2K seconds)
                 This process corresponds to     : 0:13:15 HS06  hours (795 HS06  seconds)


PS:

Read file </afs/cern.ch/work/w/wvandrie/public/EXO/CMSSW_7_1_8/src/EXO/DPAnalysis_Step2/ntuples/GMSB_L140-CTAU2000/log/GMSB_L140-CTAU2000_0.stderr> for stderr output of this job.

