Sender: LSF System <lsfadmin@b6cf89eeb2.cern.ch>
Subject: Job 577438564: <cd /afs/cern.ch/work/w/wvandrie/public/EXO/CMSSW_7_1_8/src/EXO/DPAnalysis_Step2;eval `scramv1 runtime -sh` ;./tmp/main list/Run2012C_3 Run2012C_3> in cluster batch Done

Job <cd /afs/cern.ch/work/w/wvandrie/public/EXO/CMSSW_7_1_8/src/EXO/DPAnalysis_Step2;eval `scramv1 runtime -sh` ;./tmp/main list/Run2012C_3 Run2012C_3> was submitted from host <lxplus0132.cern.ch> by user <wvandrie> in cluster <batch>.
Job was executed on host(s) <b6cf89eeb2.cern.ch>, in queue <8nh>, as user <wvandrie> in cluster <batch>.
</afs/cern.ch/user/w/wvandrie> was used as the home directory.
</afs/cern.ch/work/w/wvandrie/public/EXO/CMSSW_7_1_8/src/EXO/DPAnalysis_Step2> was used as the working directory.
Started at Thu Oct 16 14:27:20 2014
Results reported at Thu Oct 16 15:10:41 2014

Your job looked like:

------------------------------------------------------------
# LSBATCH: User input
cd /afs/cern.ch/work/w/wvandrie/public/EXO/CMSSW_7_1_8/src/EXO/DPAnalysis_Step2;eval `scramv1 runtime -sh` 
./tmp/main list/Run2012C_3 Run2012C_3;
------------------------------------------------------------

Successfully completed.

Resource usage summary:

    CPU time   :   2442.55 sec.
    Max Memory :        61 MB
    Max Swap   :       860 MB

    Max Processes  :         8
    Max Threads    :         9

The output (if any) follows:

@(#)CERN job starter $Date: 2010/06/23 14:22:16 $
Working directory is </pool/lsf/wvandrie/577438564> on <>

Reading list : list/Run2012C_3 .......
Adding following files to the chain
	/afs/cern.ch/work/w/wvandrie/public/EXO/CMSSW_7_1_8/src/EXO/DPAnalysis/test/v21/Run2012C_3.root
Number of files: 1
Building DPSelection...
Processing event 10000
Processing event 20000
Processing event 30000
Processing event 40000
Processing event 50000
Processing event 60000
Processing event 70000
Processing event 80000
Processing event 90000
Processing event 100000
Processing event 110000
Processing event 120000
Processing event 130000
Processing event 140000
Processing event 150000
Processing event 160000
Processing event 170000
Processing event 180000
Processing event 190000
Processing event 200000
Processing event 210000
Processing event 220000
Processing event 230000
Processing event 240000
Processing event 250000
Processing event 260000
Processing event 270000
Processing event 280000
Processing event 290000
Processing event 300000
Processing event 310000
Processing event 320000
Processing event 330000
Processing event 340000
Processing event 350000
Processing event 360000
Processing event 370000
Processing event 380000
Processing event 390000
Processing event 400000

Job finished at Don Okt 16 15:09:54 CEST 2014 on node 
 under linux version Scientific Linux CERN SLC release 6.5 (Carbon)

CERN statistics: This process used approximately : 1:02:12 KSI2K hours (3732 KSI2K seconds)
                 This process corresponds to     : 4:02:36 HS06  hours (14556 HS06  seconds)


PS:

Read file </afs/cern.ch/work/w/wvandrie/public/EXO/CMSSW_7_1_8/src/EXO/DPAnalysis_Step2/ntuples/Run2012C_3/log/Run2012C_3_0.stderr> for stderr output of this job.

