Sender: LSF System <lsfadmin@b6a72a1469.cern.ch>
Subject: Job 609232420: <cd /afs/cern.ch/work/w/wvandrie/public/EXO/CMSSW_7_1_8/src/EXO/DPAnalysis_Step2;eval `scramv1 runtime -sh` ;./tmp/main list/QCD_Pt-170to300 QCD_Pt-170to300> in cluster batch Done

Job <cd /afs/cern.ch/work/w/wvandrie/public/EXO/CMSSW_7_1_8/src/EXO/DPAnalysis_Step2;eval `scramv1 runtime -sh` ;./tmp/main list/QCD_Pt-170to300 QCD_Pt-170to300> was submitted from host <lxplus0059.cern.ch> by user <wvandrie> in cluster <batch>.
Job was executed on host(s) <b6a72a1469.cern.ch>, in queue <8nh>, as user <wvandrie> in cluster <batch>.
</afs/cern.ch/user/w/wvandrie> was used as the home directory.
</afs/cern.ch/work/w/wvandrie/public/EXO/CMSSW_7_1_8/src/EXO/DPAnalysis_Step2> was used as the working directory.
Started at Thu Jan  8 13:41:31 2015
Results reported at Thu Jan  8 13:46:47 2015

Your job looked like:

------------------------------------------------------------
# LSBATCH: User input
cd /afs/cern.ch/work/w/wvandrie/public/EXO/CMSSW_7_1_8/src/EXO/DPAnalysis_Step2;eval `scramv1 runtime -sh` 
./tmp/main list/QCD_Pt-170to300 QCD_Pt-170to300;
------------------------------------------------------------

Successfully completed.

Resource usage summary:

    CPU time   :    112.28 sec.
    Max Memory :       118 MB
    Max Swap   :       919 MB

    Max Processes  :         8
    Max Threads    :         9

The output (if any) follows:

@(#)CERN job starter $Date: 2010/06/23 14:22:16 $
Working directory is </pool/lsf/wvandrie/609232420> on <>

Reading list : list/QCD_Pt-170to300 .......
Adding following files to the chain
	/afs/cern.ch/work/w/wvandrie/public/EXO/CMSSW_7_1_8/src/EXO/DPAnalysis/test/v24/QCD_Pt-170to300.root
Number of files: 1
Building DPSelection...
Processing event 10000
Processing event 20000
Processing event 30000
Processing event 40000
Processing event 50000
Processing event 60000
Processing event 70000
Processing event 80000
Processing event 90000
Processing event 100000
Processing event 110000
Processing event 120000
Processing event 130000
Processing event 140000
Processing event 150000
Processing event 160000
Processing event 170000
Processing event 180000
Processing event 190000
Processing event 200000
Processing event 210000
Processing event 220000
Processing event 230000
Processing event 240000
Processing event 250000
Processing event 260000
Processing event 270000
Processing event 280000
Processing event 290000
Processing event 300000
Processing event 310000
Processing event 320000
Processing event 330000
Processing event 340000
Processing event 350000
Processing event 360000
Processing event 370000
Processing event 380000
Processing event 390000
Processing event 400000
Processing event 410000
Processing event 420000
Processing event 430000
Processing event 440000
Processing event 450000
Processing event 460000
Processing event 470000
Processing event 480000
Processing event 490000
Processing event 500000
Processing event 510000
Processing event 520000
Processing event 530000
Processing event 540000
Processing event 550000
Processing event 560000
Processing event 570000
Processing event 580000
Processing event 590000
Processing event 600000
Processing event 610000
Processing event 620000
Processing event 630000
Processing event 640000
Processing event 650000
Processing event 660000
Processing event 670000
Processing event 680000
Processing event 690000
Processing event 700000
Processing event 710000
Processing event 720000
Processing event 730000
Processing event 740000
Processing event 750000
Processing event 760000
Processing event 770000
Processing event 780000
Processing event 790000
Processing event 800000
Processing event 810000
Processing event 820000
Processing event 830000
Processing event 840000
Processing event 850000
Processing event 860000
Processing event 870000
Processing event 880000
Processing event 890000
Processing event 900000
Processing event 910000
Processing event 920000
Processing event 930000
Processing event 940000
Processing event 950000
Processing event 960000
Processing event 970000
Processing event 980000
Processing event 990000
Processing event 1000000
Processing event 1010000
Processing event 1020000
Processing event 1030000
Processing event 1040000
Processing event 1050000
Processing event 1060000
Processing event 1070000
Processing event 1080000
Processing event 1090000
Processing event 1100000
Processing event 1110000
Processing event 1120000
Processing event 1130000
Processing event 1140000
Processing event 1150000
Processing event 1160000
Processing event 1170000
Processing event 1180000
Processing event 1190000
Processing event 1200000
Processing event 1210000
Processing event 1220000
Processing event 1230000
Processing event 1240000
Processing event 1250000
Processing event 1260000
Processing event 1270000
Processing event 1280000
Processing event 1290000
Processing event 1300000
Processing event 1310000
Processing event 1320000
Processing event 1330000
Processing event 1340000
Processing event 1350000
Processing event 1360000
Processing event 1370000
Processing event 1380000
Processing event 1390000
Processing event 1400000
Processing event 1410000
Processing event 1420000
Processing event 1430000
Processing event 1440000
Processing event 1450000
Processing event 1460000
Processing event 1470000
Processing event 1480000
Processing event 1490000
Processing event 1500000
Processing event 1510000
Processing event 1520000
Processing event 1530000
Processing event 1540000
Processing event 1550000
Processing event 1560000
Processing event 1570000
Processing event 1580000
Processing event 1590000
Processing event 1600000
Processing event 1610000
Processing event 1620000
Processing event 1630000
Processing event 1640000
Processing event 1650000
Processing event 1660000
Processing event 1670000
Processing event 1680000
Processing event 1690000
Processing event 1700000
Processing event 1710000
Processing event 1720000
Processing event 1730000
Processing event 1740000
Processing event 1750000
Processing event 1760000
Processing event 1770000
Processing event 1780000
Processing event 1790000
Processing event 1800000
Processing event 1810000
Processing event 1820000
Processing event 1830000
Processing event 1840000
Processing event 1850000
Processing event 1860000
Processing event 1870000
Processing event 1880000
Processing event 1890000
Processing event 1900000
Processing event 1910000
Processing event 1920000
Processing event 1930000
Processing event 1940000
Processing event 1950000
Processing event 1960000
Processing event 1970000
Processing event 1980000
Processing event 1990000
Processing event 2000000
Processing event 2010000
Processing event 2020000
Processing event 2030000
Processing event 2040000
Processing event 2050000
Processing event 2060000
Processing event 2070000
Processing event 2080000
Processing event 2090000
Processing event 2100000
Processing event 2110000
Processing event 2120000
Processing event 2130000
Processing event 2140000
Processing event 2150000
Processing event 2160000
Processing event 2170000
Processing event 2180000
Processing event 2190000
Processing event 2200000
Processing event 2210000
Processing event 2220000
Processing event 2230000
Processing event 2240000
Processing event 2250000
Processing event 2260000
Processing event 2270000
Processing event 2280000
Processing event 2290000
Processing event 2300000
Processing event 2310000
Processing event 2320000
Processing event 2330000
Processing event 2340000
Processing event 2350000
Processing event 2360000
Processing event 2370000
Processing event 2380000
Processing event 2390000
Processing event 2400000
Processing event 2410000
Processing event 2420000
Processing event 2430000
Processing event 2440000
Processing event 2450000
Processing event 2460000
Processing event 2470000
Processing event 2480000
Processing event 2490000
Processing event 2500000
Processing event 2510000
Processing event 2520000
Processing event 2530000
Processing event 2540000
Processing event 2550000
Processing event 2560000
Processing event 2570000
Processing event 2580000
Processing event 2590000
Processing event 2600000
Processing event 2610000

Job finished at Thu Jan  8 13:45:57 CET 2015 on node 
 under linux version Scientific Linux CERN SLC release 6.6 (Carbon)

CERN statistics: This process used approximately : 0:03:48 KSI2K hours (228 KSI2K seconds)
                 This process corresponds to     : 0:14:49 HS06  hours (889 HS06  seconds)


PS:

Read file </afs/cern.ch/work/w/wvandrie/public/EXO/CMSSW_7_1_8/src/EXO/DPAnalysis_Step2/ntuples/QCD_Pt-170to300/log/QCD_Pt-170to300_0.stderr> for stderr output of this job.

