Sender: LSF System <lsfadmin@b685de0922.cern.ch>
Subject: Job 611315260: <cd /afs/cern.ch/work/w/wvandrie/public/EXO/CMSSW_7_1_8/src/EXO/DPAnalysis_Step2;eval `scramv1 runtime -sh` ;./tmp/main list/QCD_Pt-600to800 QCD_Pt-600to800> in cluster batch Exited

Job <cd /afs/cern.ch/work/w/wvandrie/public/EXO/CMSSW_7_1_8/src/EXO/DPAnalysis_Step2;eval `scramv1 runtime -sh` ;./tmp/main list/QCD_Pt-600to800 QCD_Pt-600to800> was submitted from host <lxplus0027.cern.ch> by user <wvandrie> in cluster <batch>.
Job was executed on host(s) <b685de0922.cern.ch>, in queue <8nh>, as user <wvandrie> in cluster <batch>.
</afs/cern.ch/user/w/wvandrie> was used as the home directory.
</afs/cern.ch/work/w/wvandrie/public/EXO/CMSSW_7_1_8/src/EXO/DPAnalysis_Step2> was used as the working directory.
Started at Wed Jan 14 17:49:13 2015
Results reported at Wed Jan 14 18:10:42 2015

Your job looked like:

------------------------------------------------------------
# LSBATCH: User input
cd /afs/cern.ch/work/w/wvandrie/public/EXO/CMSSW_7_1_8/src/EXO/DPAnalysis_Step2;eval `scramv1 runtime -sh` 
./tmp/main list/QCD_Pt-600to800 QCD_Pt-600to800;
------------------------------------------------------------

Exited with exit code 255.

Resource usage summary:

    CPU time   :     57.17 sec.
    Max Memory :        78 MB
    Max Swap   :      1339 MB

    Max Processes  :        13
    Max Threads    :        14

The output (if any) follows:

@(#)CERN job starter $Date: 2010/06/23 14:22:16 $
Working directory is </pool/lsf/wvandrie/611315260> on <>

Reading list : list/QCD_Pt-600to800 .......
Adding following files to the chain
	/afs/cern.ch/work/w/wvandrie/public/EXO/CMSSW_7_1_8/src/EXO/DPAnalysis/test/v24/QCD_Pt-600to800.root
Number of files: 1
Building DPSelection...
Processing event 10000
Processing event 20000
Processing event 30000

Job finished at Wed Jan 14 18:10:12 CET 2015 on node 
 under linux version Scientific Linux CERN SLC release 6.6 (Carbon)

CERN statistics: This process used approximately : 0:00:11 KSI2K hours (11 KSI2K seconds)
                 This process corresponds to     : 0:00:44 HS06  hours (44 HS06  seconds)


PS:

Read file </afs/cern.ch/work/w/wvandrie/public/EXO/CMSSW_7_1_8/src/EXO/DPAnalysis_Step2/ntuples/QCD_Pt-600to800/log/QCD_Pt-600to800_0.stderr> for stderr output of this job.

Sender: LSF System <lsfadmin@b6f2f5864e.cern.ch>
Subject: Job 611396371: <cd /afs/cern.ch/work/w/wvandrie/public/EXO/CMSSW_7_1_8/src/EXO/DPAnalysis_Step2;eval `scramv1 runtime -sh` ;./tmp/main list/QCD_Pt-600to800 QCD_Pt-600to800> in cluster batch Exited

Job <cd /afs/cern.ch/work/w/wvandrie/public/EXO/CMSSW_7_1_8/src/EXO/DPAnalysis_Step2;eval `scramv1 runtime -sh` ;./tmp/main list/QCD_Pt-600to800 QCD_Pt-600to800> was submitted from host <lxplus0190.cern.ch> by user <wvandrie> in cluster <batch>.
Job was executed on host(s) <b6f2f5864e.cern.ch>, in queue <8nh>, as user <wvandrie> in cluster <batch>.
</afs/cern.ch/user/w/wvandrie> was used as the home directory.
</afs/cern.ch/work/w/wvandrie/public/EXO/CMSSW_7_1_8/src/EXO/DPAnalysis_Step2> was used as the working directory.
Started at Wed Jan 14 20:05:54 2015
Results reported at Wed Jan 14 20:08:08 2015

Your job looked like:

------------------------------------------------------------
# LSBATCH: User input
cd /afs/cern.ch/work/w/wvandrie/public/EXO/CMSSW_7_1_8/src/EXO/DPAnalysis_Step2;eval `scramv1 runtime -sh` 
./tmp/main list/QCD_Pt-600to800 QCD_Pt-600to800;
------------------------------------------------------------

Exited with exit code 255.

Resource usage summary:

    CPU time   :      9.03 sec.
    Max Memory :       180 MB
    Max Swap   :      1455 MB

    Max Processes  :        13
    Max Threads    :        14

The output (if any) follows:

@(#)CERN job starter $Date: 2010/06/23 14:22:16 $
Working directory is </pool/lsf/wvandrie/611396371> on <>

Reading list : list/QCD_Pt-600to800 .......
Adding following files to the chain
	/afs/cern.ch/work/w/wvandrie/public/EXO/CMSSW_7_1_8/src/EXO/DPAnalysis/test/v24/QCD_Pt-600to800.root
Number of files: 1
Building DPSelection...
Processing event 10000
Processing event 20000
Processing event 30000

Job finished at Wed Jan 14 20:07:31 CET 2015 on node 
 under linux version Scientific Linux CERN SLC release 6.6 (Carbon)

CERN statistics: This process used approximately : 0:00:14 KSI2K hours (14 KSI2K seconds)
                 This process corresponds to     : 0:00:54 HS06  hours (54 HS06  seconds)


PS:

Read file </afs/cern.ch/work/w/wvandrie/public/EXO/CMSSW_7_1_8/src/EXO/DPAnalysis_Step2/ntuples/QCD_Pt-600to800/log/QCD_Pt-600to800_0.stderr> for stderr output of this job.

Sender: LSF System <lsfadmin@b64e47d80d.cern.ch>
Subject: Job 611397575: <cd /afs/cern.ch/work/w/wvandrie/public/EXO/CMSSW_7_1_8/src/EXO/DPAnalysis_Step2;eval `scramv1 runtime -sh` ;./tmp/main list/QCD_Pt-600to800 QCD_Pt-600to800> in cluster batch Done

Job <cd /afs/cern.ch/work/w/wvandrie/public/EXO/CMSSW_7_1_8/src/EXO/DPAnalysis_Step2;eval `scramv1 runtime -sh` ;./tmp/main list/QCD_Pt-600to800 QCD_Pt-600to800> was submitted from host <lxplus0190.cern.ch> by user <wvandrie> in cluster <batch>.
Job was executed on host(s) <b64e47d80d.cern.ch>, in queue <8nh>, as user <wvandrie> in cluster <batch>.
</afs/cern.ch/user/w/wvandrie> was used as the home directory.
</afs/cern.ch/work/w/wvandrie/public/EXO/CMSSW_7_1_8/src/EXO/DPAnalysis_Step2> was used as the working directory.
Started at Wed Jan 14 20:16:06 2015
Results reported at Wed Jan 14 20:20:56 2015

Your job looked like:

------------------------------------------------------------
# LSBATCH: User input
cd /afs/cern.ch/work/w/wvandrie/public/EXO/CMSSW_7_1_8/src/EXO/DPAnalysis_Step2;eval `scramv1 runtime -sh` 
./tmp/main list/QCD_Pt-600to800 QCD_Pt-600to800;
------------------------------------------------------------

Successfully completed.

Resource usage summary:

    CPU time   :     40.07 sec.
    Max Memory :       111 MB
    Max Swap   :       693 MB

    Max Processes  :         6
    Max Threads    :         7

The output (if any) follows:

@(#)CERN job starter $Date: 2010/06/23 14:22:16 $
Working directory is </pool/lsf/wvandrie/611397575> on <>

Reading list : list/QCD_Pt-600to800 .......
Adding following files to the chain
	/afs/cern.ch/work/w/wvandrie/public/EXO/CMSSW_7_1_8/src/EXO/DPAnalysis/test/v24/QCD_Pt-600to800.root
Number of files: 1
Building DPSelection...
Processing event 10000
Processing event 20000
Processing event 30000
Processing event 40000
Processing event 50000
Processing event 60000
Processing event 70000
Processing event 80000
Processing event 90000
Processing event 100000
Processing event 110000
Processing event 120000
Processing event 130000
Processing event 140000
Processing event 150000
Processing event 160000
Processing event 170000
Processing event 180000
Processing event 190000
Processing event 200000
Processing event 210000
Processing event 220000
Processing event 230000
Processing event 240000
Processing event 250000
Processing event 260000
Processing event 270000
Processing event 280000
Processing event 290000
Processing event 300000
Processing event 310000
Processing event 320000
Processing event 330000
Processing event 340000
Processing event 350000
Processing event 360000
Processing event 370000
Processing event 380000
Processing event 390000
Processing event 400000
Processing event 410000
Processing event 420000
Processing event 430000
Processing event 440000
Processing event 450000
Processing event 460000
Processing event 470000
Processing event 480000
Processing event 490000
Processing event 500000
Processing event 510000
Processing event 520000
Processing event 530000
Processing event 540000
Processing event 550000
Processing event 560000
Processing event 570000
Processing event 580000
Processing event 590000
Processing event 600000
Processing event 610000
Processing event 620000
Processing event 630000
Processing event 640000
Processing event 650000
Processing event 660000
Processing event 670000
Processing event 680000
Processing event 690000
Processing event 700000
Processing event 710000
Processing event 720000
Processing event 730000
Processing event 740000
Processing event 750000

Job finished at Wed Jan 14 20:20:51 CET 2015 on node 
 under linux version Scientific Linux CERN SLC release 6.6 (Carbon)

CERN statistics: This process used approximately : 0:01:19 KSI2K hours (79 KSI2K seconds)
                 This process corresponds to     : 0:05:10 HS06  hours (310 HS06  seconds)


PS:

Read file </afs/cern.ch/work/w/wvandrie/public/EXO/CMSSW_7_1_8/src/EXO/DPAnalysis_Step2/ntuples/QCD_Pt-600to800/log/QCD_Pt-600to800_0.stderr> for stderr output of this job.

